Traceback (most recent call last):
  File "C:\Users\admin\Desktop\Minor-Collision-Detection-System\AI-algorithm\train.py", line 86, in <module>
    main()
  File "C:\Users\admin\Desktop\Minor-Collision-Detection-System\AI-algorithm\train.py", line 58, in main
    for videos, labels in loader:
                          ^^^^^^
  File "C:\Users\admin\AppData\Local\Programs\Python\Python312\Lib\site-packages\torch\utils\data\dataloader.py", line 630, in __next__
    data = self._next_data()
           ^^^^^^^^^^^^^^^^^
  File "C:\Users\admin\AppData\Local\Programs\Python\Python312\Lib\site-packages\torch\utils\data\dataloader.py", line 673, in _next_data
    data = self._dataset_fetcher.fetch(index)  # may raise StopIteration
           ^^^^^^^^^^^^^^^^^^^^^^^^^^^^^^^^^^
  File "C:\Users\admin\AppData\Local\Programs\Python\Python312\Lib\site-packages\torch\utils\data\_utils\fetch.py", line 52, in fetch
    data = [self.dataset[idx] for idx in possibly_batched_index]
            ~~~~~~~~~~~~^^^^^
  File "C:\Users\admin\Desktop\Minor-Collision-Detection-System\AI-algorithm\dataset.py", line 35, in __getitem__
    label = self._read_label(label_path)
            ^^^^^^^^^^^^^^^^^^^^^^^^^^^^
  File "C:\Users\admin\Desktop\Minor-Collision-Detection-System\AI-algorithm\dataset.py", line 76, in _read_label
    raise RuntimeError(f"No accident label line found in: {label_path}")
RuntimeError: No accident label line found in: C:\Users\admin\Desktop\Minor-Collision-Detection-System\Dataset\220510_SV_0008.txt
